2022/09/01 09:00:06 {"callers":["E:/study_golang/go-programming-tour-book/blog-service/main.go: 26 main.init.0"],"level":"info","message":"eddycjy:go-programming-tour-book/blog-service","time":1661994006363356300}
2022/09/01 09:35:45 {"callers":["E:/study_golang/go-programming-tour-book/blog-service/main.go: 26 main.init.0"],"level":"info","message":"eddycjy:go-programming-tour-book/blog-service","time":1661996145936010100}
2022/09/01 10:38:03 {"callers":["E:/study_golang/go-programming-tour-book/blog-service/main.go: 26 main.init.0"],"level":"info","message":"eddycjy:go-programming-tour-book/blog-service","time":1661999883703815600}
2022/09/01 10:40:58 {"callers":["E:/study_golang/go-programming-tour-book/blog-service/main.go: 26 main.init.0"],"level":"info","message":"eddycjy:go-programming-tour-book/blog-service","time":1662000058822742000}
2022/09/01 10:43:42 {"callers":["E:/study_golang/go-programming-tour-book/blog-service/main.go: 26 main.init.0"],"level":"info","message":"eddycjy:go-programming-tour-book/blog-service","time":1662000222384222800}
2022/09/01 10:48:07 {"callers":["E:/study_golang/go-programming-tour-book/blog-service/main.go: 26 main.init.0"],"level":"info","message":"eddycjy:go-programming-tour-book/blog-service","time":1662000487264164200}
2022/09/01 10:49:29 {"callers":["E:/study_golang/go-programming-tour-book/blog-service/main.go: 26 main.init.0"],"level":"info","message":"eddycjy:go-programming-tour-book/blog-service","time":1662000569078169600}
2022/09/02 09:36:35 {"callers":["E:/study_golang/go-programming-tour-book/blog-service/main.go: 26 main.init.0"],"level":"info","message":"eddycjy:go-programming-tour-book/blog-service","time":1662082595450495200}
2022/09/02 09:56:32 {"callers":["E:/study_golang/go-programming-tour-book/blog-service/main.go: 26 main.init.0"],"level":"info","message":"eddycjy:go-programming-tour-book/blog-service","time":1662083792823848600}
2022/09/02 10:11:26 {"callers":["E:/study_golang/go-programming-tour-book/blog-service/main.go: 26 main.init.0"],"level":"info","message":"eddycjy:go-programming-tour-book/blog-service","time":1662084686236542600}
2022/09/02 10:13:40 {"callers":["E:/study_golang/go-programming-tour-book/blog-service/main.go: 26 main.init.0"],"level":"error","message":"app.BindAndValid errs: State必须是[0 1]中的一个","time":1662084820951157800}
2022/09/02 10:20:36 {"callers":["E:/study_golang/go-programming-tour-book/blog-service/main.go: 26 main.init.0"],"level":"error","message":"app.BindAndValid errs: State必须是[0 1]中的一个","time":1662085236788268400}
2022/09/02 10:20:57 {"callers":["E:/study_golang/go-programming-tour-book/blog-service/main.go: 26 main.init.0"],"level":"error","message":"app.BindAndValid errs: State必须是[0 1]中的一个","time":1662085257349859800}
2022/09/02 11:25:56 {"callers":["E:/study_golang/go-programming-tour-book/blog-service/main.go: 26 main.init.0"],"level":"info","message":"eddycjy:go-programming-tour-book/blog-service","time":1662089156225816600}
2022/09/02 11:26:28 {"callers":["E:/study_golang/go-programming-tour-book/blog-service/main.go: 26 main.init.0"],"level":"error","message":"app.BindAndValid errs: State必须是[0 1]中的一个","time":1662089188617774500}
2022/09/02 11:28:51 {"callers":["E:/study_golang/go-programming-tour-book/blog-service/main.go: 26 main.init.0"],"level":"error","message":"app.BindAndValid errs: Name为必填字段,CreatedBy为必填字段","time":1662089331959688800}
2022/09/02 11:30:15 {"callers":["E:/study_golang/go-programming-tour-book/blog-service/main.go: 26 main.init.0"],"level":"error","message":"app.BindAndValid errs: CreatedBy为必填字段,Name为必填字段","time":1662089415276758400}
2022/09/02 11:32:05 {"callers":["E:/study_golang/go-programming-tour-book/blog-service/main.go: 26 main.init.0"],"level":"error","message":"app.BindAndValid errs: Name为必填字段,CreatedBy为必填字段","time":1662089525458981900}
2022/09/02 11:33:00 {"callers":["E:/study_golang/go-programming-tour-book/blog-service/main.go: 26 main.init.0"],"level":"error","message":"app.BindAndValid errs: Name为必填字段,CreatedBy为必填字段","time":1662089580879597600}
2022/09/02 11:37:12 {"callers":["E:/study_golang/go-programming-tour-book/blog-service/main.go: 26 main.init.0"],"level":"error","message":"app.BindAndValid errs: Name为必填字段,CreatedBy为必填字段","time":1662089832134904000}
2022/09/02 11:38:57 {"callers":["E:/study_golang/go-programming-tour-book/blog-service/main.go: 26 main.init.0"],"level":"error","message":"app.BindAndValid errs: CreatedBy为必填字段,Name为必填字段","time":1662089937848359800}
2022/09/02 11:39:43 {"callers":["E:/study_golang/go-programming-tour-book/blog-service/main.go: 26 main.init.0"],"level":"error","message":"app.BindAndValid errs: Name为必填字段,CreatedBy为必填字段","time":1662089983008379200}
2022/09/02 11:42:18 {"callers":["E:/study_golang/go-programming-tour-book/blog-service/main.go: 26 main.init.0"],"level":"error","message":"app.BindAndValid errs: Name为必填字段,CreatedBy为必填字段","time":1662090138729952600}
2022/09/02 11:43:29 {"callers":["E:/study_golang/go-programming-tour-book/blog-service/main.go: 26 main.init.0"],"level":"error","message":"app.BindAndValid errs: Name为必填字段,CreatedBy为必填字段","time":1662090209428022300}
2022/09/02 11:43:47 {"callers":["E:/study_golang/go-programming-tour-book/blog-service/main.go: 26 main.init.0"],"level":"error","message":"app.BindAndValid errs: Name为必填字段,CreatedBy为必填字段","time":1662090227754935600}
2022/09/02 11:53:00 {"callers":["E:/study_golang/go-programming-tour-book/blog-service/main.go: 26 main.init.0"],"level":"error","message":"app.BindAndValid errs: Name为必填字段,CreatedBy为必填字段","time":1662090780932458900}
2022/09/02 11:53:28 {"callers":["E:/study_golang/go-programming-tour-book/blog-service/main.go: 26 main.init.0"],"level":"error","message":"app.BindAndValid errs: Name为必填字段,CreatedBy为必填字段","time":1662090808903051000}
2022/09/02 11:54:13 {"callers":["E:/study_golang/go-programming-tour-book/blog-service/main.go: 26 main.init.0"],"level":"error","message":"app.BindAndValid errs: Name为必填字段,CreatedBy为必填字段","time":1662090853091780500}
2022/09/02 11:55:07 {"callers":["E:/study_golang/go-programming-tour-book/blog-service/main.go: 26 main.init.0"],"level":"error","message":"app.BindAndValid errs: Name长度必须至少为3个字符,CreatedBy为必填字段","time":1662090907483940100}
2022/09/02 11:55:23 {"callers":["E:/study_golang/go-programming-tour-book/blog-service/main.go: 26 main.init.0"],"level":"error","message":"app.BindAndValid errs: CreatedBy为必填字段","time":1662090923902846700}
2022/09/02 11:55:40 {"callers":["E:/study_golang/go-programming-tour-book/blog-service/main.go: 26 main.init.0"],"level":"error","message":"app.BindAndValid errs: CreatedBy为必填字段","time":1662090940457727500}
2022/09/02 11:55:51 {"callers":["E:/study_golang/go-programming-tour-book/blog-service/main.go: 26 main.init.0"],"level":"error","message":"app.BindAndValid errs: CreatedBy为必填字段","time":1662090951523262100}
2022/09/02 11:55:57 {"callers":["E:/study_golang/go-programming-tour-book/blog-service/main.go: 26 main.init.0"],"level":"error","message":"app.BindAndValid errs: CreatedBy为必填字段","time":1662090957025862400}
2022/09/02 11:56:23 {"callers":["E:/study_golang/go-programming-tour-book/blog-service/main.go: 26 main.init.0"],"level":"error","message":"app.BindAndValid errs: CreatedBy为必填字段","time":1662090983593425600}
2022/09/02 12:01:12 {"callers":["E:/study_golang/go-programming-tour-book/blog-service/main.go: 26 main.init.0"],"level":"error","message":"app.BindAndValid errs: CreatedBy为必填字段","time":1662091272501489800}
2022/09/02 12:01:25 {"callers":["E:/study_golang/go-programming-tour-book/blog-service/main.go: 26 main.init.0"],"level":"error","message":"app.BindAndValid errs: CreatedBy为必填字段","time":1662091285062888500}
2022/09/02 12:01:48 {"callers":["E:/study_golang/go-programming-tour-book/blog-service/main.go: 26 main.init.0"],"level":"error","message":"app.BindAndValid errs: CreatedBy为必填字段","time":1662091308003278200}
2022/09/02 12:02:00 {"callers":["E:/study_golang/go-programming-tour-book/blog-service/main.go: 26 main.init.0"],"level":"error","message":"app.BindAndValid errs: CreatedBy为必填字段","time":1662091320940360200}
2022/09/02 14:53:24 {"callers":["E:/study_golang/go-programming-tour-book/blog-service/main.go: 26 main.init.0"],"level":"info","message":"eddycjy:go-programming-tour-book/blog-service","time":1662101604900117500}
2022/09/02 14:56:45 {"callers":["E:/study_golang/go-programming-tour-book/blog-service/main.go: 26 main.init.0"],"level":"error","message":"app.BindAndValid errs: CreatedBy为必填字段,Name为必填字段","time":1662101805841374900}
2022/09/02 14:57:00 {"callers":["E:/study_golang/go-programming-tour-book/blog-service/main.go: 26 main.init.0"],"level":"error","message":"app.BindAndValid errs: CreatedBy为必填字段","time":1662101820661729700}
2022/09/02 14:57:06 {"callers":["E:/study_golang/go-programming-tour-book/blog-service/main.go: 26 main.init.0"],"level":"error","message":"app.BindAndValid errs: CreatedBy为必填字段","time":1662101826417396500}
2022/09/02 14:57:18 {"callers":["E:/study_golang/go-programming-tour-book/blog-service/main.go: 26 main.init.0"],"level":"error","message":"app.BindAndValid errs: CreatedBy为必填字段","time":1662101838894327200}
2022/09/02 15:00:14 {"callers":["E:/study_golang/go-programming-tour-book/blog-service/main.go: 26 main.init.0"],"level":"error","message":"app.BindAndValid errs: Name为必填字段,CreatedBy为必填字段","time":1662102014700579300}
2022/09/02 15:02:59 {"callers":["E:/study_golang/go-programming-tour-book/blog-service/main.go: 26 main.init.0"],"level":"error","message":"app.BindAndValid errs: Name为必填字段,CreatedBy为必填字段","time":1662102179278177800}
2022/09/02 15:06:00 {"callers":["E:/study_golang/go-programming-tour-book/blog-service/main.go: 26 main.init.0"],"level":"error","message":"app.BindAndValid errs: CreatedBy为必填字段","time":1662102360302661900}
2022/09/02 15:06:24 {"callers":["E:/study_golang/go-programming-tour-book/blog-service/main.go: 26 main.init.0"],"level":"error","message":"app.BindAndValid errs: CreatedBy为必填字段","time":1662102384520626000}
2022/09/02 15:06:57 {"callers":["E:/study_golang/go-programming-tour-book/blog-service/main.go: 26 main.init.0"],"level":"error","message":"app.BindAndValid errs: CreatedBy为必填字段","time":1662102417540200200}
2022/09/02 15:12:00 {"callers":["E:/study_golang/go-programming-tour-book/blog-service/main.go: 26 main.init.0"],"level":"error","message":"app.BindAndValid errs: CreatedBy为必填字段","time":1662102720056086300}
2022/09/02 15:13:54 {"callers":["E:/study_golang/go-programming-tour-book/blog-service/main.go: 26 main.init.0"],"level":"info","message":"eddycjy:go-programming-tour-book/blog-service","time":1662102834818988200}
2022/09/02 15:27:23 {"callers":["E:/study_golang/go-programming-tour-book/blog-service/main.go: 26 main.init.0"],"level":"error","message":"app.BindAndValid errs: Name长度必须至少为3个字符,State为必填字段,ID为必填字段","time":1662103643176338500}
2022/09/02 15:30:02 {"callers":["E:/study_golang/go-programming-tour-book/blog-service/main.go: 26 main.init.0"],"level":"error","message":"app.BindAndValid errs: Name长度必须至少为3个字符,State为必填字段","time":1662103802058360300}
2022/09/02 15:30:34 {"callers":["E:/study_golang/go-programming-tour-book/blog-service/main.go: 26 main.init.0"],"level":"error","message":"app.BindAndValid errs: State为必填字段,Name长度必须至少为3个字符","time":1662103834369006300}
2022/09/02 15:32:55 {"callers":["E:/study_golang/go-programming-tour-book/blog-service/main.go: 26 main.init.0"],"level":"info","message":"eddycjy:go-programming-tour-book/blog-service","time":1662103975420139500}
2022/09/02 15:33:02 {"callers":["E:/study_golang/go-programming-tour-book/blog-service/main.go: 26 main.init.0"],"level":"error","message":"app.BindAndValid errs: Name长度必须至少为3个字符","time":1662103982573407900}
2022/09/02 15:33:17 {"callers":["E:/study_golang/go-programming-tour-book/blog-service/main.go: 26 main.init.0"],"level":"error","message":"app.BindAndValid errs: Name长度必须至少为3个字符","time":1662103997956921100}
2022/09/02 15:34:02 {"callers":["E:/study_golang/go-programming-tour-book/blog-service/main.go: 26 main.init.0"],"level":"info","message":"eddycjy:go-programming-tour-book/blog-service","time":1662104042931264200}
2022/09/02 15:35:08 {"callers":["E:/study_golang/go-programming-tour-book/blog-service/main.go: 26 main.init.0"],"level":"error","message":"app.BindAndValid errs: ID为必填字段","time":1662104108847203900}
2022/09/02 15:51:31 {"callers":["E:/study_golang/go-programming-tour-book/blog-service/main.go: 26 main.init.0"],"level":"info","message":"eddycjy:go-programming-tour-book/blog-service","time":1662105091037241600}
2022/09/02 15:54:47 {"callers":["E:/study_golang/go-programming-tour-book/blog-service/main.go: 26 main.init.0"],"level":"info","message":"eddycjy:go-programming-tour-book/blog-service","time":1662105287118636400}
2022/09/03 18:01:08 {"callers":["E:/study_golang/go-programming-tour-book/blog-service/main.go: 26 main.init.0"],"level":"info","message":"eddycjy:go-programming-tour-book/blog-service","time":1662199268264765900}
2022/09/05 10:19:33 {"callers":["E:/study_golang/go-programming-tour-book/blog-service/main.go: 26 main.init.0"],"level":"info","message":"eddycjy:go-programming-tour-book/blog-service","time":1662344373105556000}
2022/09/05 10:20:27 {"callers":["E:/study_golang/go-programming-tour-book/blog-service/main.go: 26 main.init.0"],"level":"info","message":"eddycjy:go-programming-tour-book/blog-service","time":1662344427317212600}
2022/09/05 17:52:07 {"callers":["E:/study_golang/go-programming-tour-book/blog-service/main.go: 26 main.init.0"],"level":"info","message":"eddycjy:go-programming-tour-book/blog-service","time":1662371527808034300}
2022/09/05 17:52:34 {"callers":["E:/study_golang/go-programming-tour-book/blog-service/main.go: 26 main.init.0"],"level":"error","message":"app.BindAndValid errs: AppKey为必填字段,AppSecret为必填字段","time":1662371554228242100}
2022/09/05 17:53:35 {"callers":["E:/study_golang/go-programming-tour-book/blog-service/main.go: 26 main.init.0"],"level":"error","message":"app.BindAndValid errs: AppKey为必填字段,AppSecret为必填字段","time":1662371615491047300}
2022/09/05 17:54:07 {"callers":["E:/study_golang/go-programming-tour-book/blog-service/main.go: 26 main.init.0"],"level":"error","message":"svc.CheckAuth err: record not found","time":1662371647069439400}
2022/09/05 17:55:30 {"callers":["E:/study_golang/go-programming-tour-book/blog-service/main.go: 26 main.init.0"],"level":"error","message":"svc.CheckAuth err: record not found","time":1662371730326294100}
2022/09/05 20:23:05 {"callers":["E:/study_golang/go-programming-tour-book/blog-service/main.go: 26 main.init.0"],"level":"info","message":"eddycjy:go-programming-tour-book/blog-service","time":1662380585323976400}
2022/09/05 20:27:35 {"callers":["E:/study_golang/go-programming-tour-book/blog-service/main.go: 26 main.init.0"],"level":"error","message":"app.BindAndValid errs: AppSecret为必填字段,AppKey为必填字段","time":1662380855076531200}
2022/09/05 20:28:19 {"callers":["E:/study_golang/go-programming-tour-book/blog-service/main.go: 26 main.init.0"],"level":"error","message":"svc.CheckAuth err: record not found","time":1662380899456048000}
2022/09/05 20:29:21 {"callers":["E:/study_golang/go-programming-tour-book/blog-service/main.go: 26 main.init.0"],"level":"error","message":"svc.CheckAuth err: record not found","time":1662380961562651800}
2022/09/05 20:30:28 {"callers":["E:/study_golang/go-programming-tour-book/blog-service/main.go: 26 main.init.0"],"level":"error","message":"svc.CheckAuth err: record not found","time":1662381028163356500}
